[debug] [2018-01-26T13:39:43.613Z] ----------------------------------------------------------------------
[debug] [2018-01-26T13:39:43.616Z] Command:       /usr/local/bin/node /usr/local/bin/firebase serve --only functions,hosting
[debug] [2018-01-26T13:39:43.616Z] CLI Version:   3.17.3
[debug] [2018-01-26T13:39:43.616Z] Platform:      darwin
[debug] [2018-01-26T13:39:43.616Z] Node Version:  v9.3.0
[debug] [2018-01-26T13:39:43.617Z] Time:          Fri Jan 26 2018 16:39:43 GMT+0300 (MSK)
[debug] [2018-01-26T13:39:43.617Z] ----------------------------------------------------------------------
[debug] 
[debug] [2018-01-26T13:39:43.633Z] > command requires scopes: ["email","openid","https://www.googleapis.com/auth/cloudplatformprojects.readonly","https://www.googleapis.com/auth/firebase","https://www.googleapis.com/auth/cloud-platform"]
[debug] [2018-01-26T13:39:43.633Z] > authorizing via signed-in user
[debug] [2018-01-26T13:39:43.635Z] >>> HTTP REQUEST GET https://admin.firebase.com/v1/projects/my-firebase-server  
  
 Fri Jan 26 2018 16:39:43 GMT+0300 (MSK)
[debug] [2018-01-26T13:39:44.424Z] <<< HTTP RESPONSE 200
[debug] [2018-01-26T13:39:44.425Z] >>> HTTP REQUEST GET https://admin.firebase.com/v1/database/my-firebase-server/tokens  
  
 Fri Jan 26 2018 16:39:44 GMT+0300 (MSK)
[debug] [2018-01-26T13:39:45.102Z] <<< HTTP RESPONSE 200
[info] 
[info] === Serving from '/Users/ddushkin/programming/my-firebase-server'...
[info] 
[info] i  functions: Preparing to emulate functions.
[debug] [2018-01-26T13:39:45.379Z] Fetching environment
[debug] [2018-01-26T13:39:45.382Z] >>> HTTP REQUEST GET https://appengine.googleapis.com/v1/apps/my-firebase-server  
  
 Fri Jan 26 2018 16:39:45 GMT+0300 (MSK)
[debug] [2018-01-26T13:39:45.383Z] >>> HTTP REQUEST GET https://apikeys.googleapis.com/v1/projects/my-firebase-server/apiKeys  
  
 Fri Jan 26 2018 16:39:45 GMT+0300 (MSK)
[debug] [2018-01-26T13:39:45.383Z] >>> HTTP REQUEST GET https://cloudresourcemanager.googleapis.com/v1/projects/my-firebase-server  
  
 Fri Jan 26 2018 16:39:45 GMT+0300 (MSK)
[debug] [2018-01-26T13:39:46.265Z] <<< HTTP RESPONSE 200
[debug] [2018-01-26T13:39:46.265Z] >>> HTTP REQUEST GET https://mobilesdk-pa.googleapis.com/v1/projects/707568084622/clients/_:getWebAppConfig  
  
 Fri Jan 26 2018 16:39:46 GMT+0300 (MSK)
[debug] [2018-01-26T13:39:46.296Z] <<< HTTP RESPONSE 200
[debug] [2018-01-26T13:39:46.513Z] <<< HTTP RESPONSE 200
[debug] [2018-01-26T13:39:46.514Z] Starting @google-cloud/functions-emulator
[debug] [2018-01-26T13:39:46.728Z] <<< HTTP RESPONSE 200
[info] i  hosting: Serving hosting files from: public
[info] ✔  hosting: Local server: http://localhost:5000

[debug] [2018-01-26T13:39:48.066Z] Parsing function triggers
[info] ✔  functions: app: http://localhost:5001/my-firebase-server/us-central1/app
[info] [hosting] Rewriting /timestamp to local function app
